Грамматика

    0 $accept: input $end

    1 input: %empty
    2      | input line

    3 line: '\n'
    4     | error '\n'
    5     | exp0 exp1 '\n'

    6 exp0: ZERO
    7     | exp0 ZERO

    8 exp1: ONE
    9     | exp1 ONE


Терминальные символы с правилами, в которых они появляются

$end (0) 0
'\n' (10) 3 4 5
error (256) 4
ZERO (258) 6 7
ONE (259) 8 9


Нетерминальные символы с правилами, в которых они появляются

$accept (6)
    налево: 0
input (7)
    налево: 1 2, направо: 0 2
line (8)
    налево: 3 4 5, направо: 2
exp0 (9)
    налево: 6 7, направо: 5 7
exp1 (10)
    налево: 8 9, направо: 5 9


Состояние 0

    0 $accept: . input $end

    $default  вывод с использованием правила 1 (input)

    input  переход в состояние 1


Состояние 1

    0 $accept: input . $end
    2 input: input . line

    $end   сдвиг, и переход в состояние 2
    error  сдвиг, и переход в состояние 3
    ZERO   сдвиг, и переход в состояние 4
    '\n'   сдвиг, и переход в состояние 5

    line  переход в состояние 6
    exp0  переход в состояние 7


Состояние 2

    0 $accept: input $end .

    $default  принять


Состояние 3

    4 line: error . '\n'

    '\n'  сдвиг, и переход в состояние 8


Состояние 4

    6 exp0: ZERO .

    $default  вывод с использованием правила 6 (exp0)


Состояние 5

    3 line: '\n' .

    $default  вывод с использованием правила 3 (line)


Состояние 6

    2 input: input line .

    $default  вывод с использованием правила 2 (input)


Состояние 7

    5 line: exp0 . exp1 '\n'
    7 exp0: exp0 . ZERO

    ZERO  сдвиг, и переход в состояние 9
    ONE   сдвиг, и переход в состояние 10

    exp1  переход в состояние 11


Состояние 8

    4 line: error '\n' .

    $default  вывод с использованием правила 4 (line)


Состояние 9

    7 exp0: exp0 ZERO .

    $default  вывод с использованием правила 7 (exp0)


Состояние 10

    8 exp1: ONE .

    $default  вывод с использованием правила 8 (exp1)


Состояние 11

    5 line: exp0 exp1 . '\n'
    9 exp1: exp1 . ONE

    ONE   сдвиг, и переход в состояние 12
    '\n'  сдвиг, и переход в состояние 13


Состояние 12

    9 exp1: exp1 ONE .

    $default  вывод с использованием правила 9 (exp1)


Состояние 13

    5 line: exp0 exp1 '\n' .

    $default  вывод с использованием правила 5 (line)
